<?xml version="1.0" encoding="UTF-8"?>
<testsuite xmlns:xsi="http://www.w3.org/2001/XMLSchema-instance" xsi:noNamespaceSchemaLocation="https://maven.apache.org/surefire/maven-surefire-plugin/xsd/surefire-test-report.xsd" name="au.com.workingmouse.challenge.MainTest" time="5.643" tests="4" errors="0" skipped="0" failures="0">
  <properties>
    <property name="sun.desktop" value="windows"/>
    <property name="awt.toolkit" value="sun.awt.windows.WToolkit"/>
    <property name="java.specification.version" value="11"/>
    <property name="sun.cpu.isalist" value="amd64"/>
    <property name="sun.jnu.encoding" value="Cp1252"/>
    <property name="java.class.path" value="C:\Users\sivap\Desktop\WorkingMouse\programming-challenge\target\test-classes;C:\Users\sivap\Desktop\WorkingMouse\programming-challenge\target\classes;C:\Users\sivap\.m2\repository\org\projectlombok\lombok\1.18.6\lombok-1.18.6.jar;C:\Users\sivap\.m2\repository\com\opencsv\opencsv\3.8\opencsv-3.8.jar;C:\Users\sivap\.m2\repository\org\apache\commons\commons-lang3\3.4\commons-lang3-3.4.jar;C:\Users\sivap\.m2\repository\commons-beanutils\commons-beanutils\1.9.2\commons-beanutils-1.9.2.jar;C:\Users\sivap\.m2\repository\commons-logging\commons-logging\1.1.1\commons-logging-1.1.1.jar;C:\Users\sivap\.m2\repository\commons-collections\commons-collections\3.2.1\commons-collections-3.2.1.jar;C:\Users\sivap\.m2\repository\eu\trentorise\opendata\jackan\0.4.2\jackan-0.4.2.jar;C:\Users\sivap\.m2\repository\eu\trentorise\opendata\traceprov\0.3.0\traceprov-0.3.0.jar;C:\Users\sivap\.m2\repository\eu\trentorise\opendata\tod-commons-jackson\1.1.0\tod-commons-jackson-1.1.0.jar;C:\Users\sivap\.m2\repository\eu\trentorise\opendata\tod-commons\1.1.0\tod-commons-1.1.0.jar;C:\Users\sivap\.m2\repository\com\google\code\findbugs\jsr305\3.0.0\jsr305-3.0.0.jar;C:\Users\sivap\.m2\repository\com\google\code\findbugs\annotations\3.0.0\annotations-3.0.0.jar;C:\Users\sivap\.m2\repository\com\fasterxml\jackson\core\jackson-core\2.6.0\jackson-core-2.6.0.jar;C:\Users\sivap\.m2\repository\com\fasterxml\jackson\core\jackson-annotations\2.6.0\jackson-annotations-2.6.0.jar;C:\Users\sivap\.m2\repository\com\fasterxml\jackson\core\jackson-databind\2.6.0\jackson-databind-2.6.0.jar;C:\Users\sivap\.m2\repository\com\fasterxml\jackson\datatype\jackson-datatype-guava\2.6.0\jackson-datatype-guava-2.6.0.jar;C:\Users\sivap\.m2\repository\com\google\guava\guava\15.0\guava-15.0.jar;C:\Users\sivap\.m2\repository\log4j\log4j\1.2.17\log4j-1.2.17.jar;C:\Users\sivap\.m2\repository\org\junit\jupiter\junit-jupiter-api\5.4.0\junit-jupiter-api-5.4.0.jar;C:\Users\sivap\.m2\repository\org\apiguardian\apiguardian-api\1.0.0\apiguardian-api-1.0.0.jar;C:\Users\sivap\.m2\repository\org\opentest4j\opentest4j\1.1.1\opentest4j-1.1.1.jar;C:\Users\sivap\.m2\repository\org\junit\platform\junit-platform-commons\1.4.0\junit-platform-commons-1.4.0.jar;C:\Users\sivap\.m2\repository\org\json\json\20180813\json-20180813.jar;C:\Users\sivap\.m2\repository\com\google\code\gson\gson\2.8.2\gson-2.8.2.jar;"/>
    <property name="java.vm.vendor" value="Oracle Corporation"/>
    <property name="sun.arch.data.model" value="64"/>
    <property name="user.variant" value=""/>
    <property name="java.vendor.url" value="http://java.oracle.com/"/>
    <property name="user.timezone" value=""/>
    <property name="java.vm.specification.version" value="11"/>
    <property name="os.name" value="Windows 10"/>
    <property name="sun.java.launcher" value="SUN_STANDARD"/>
    <property name="user.country" value="IN"/>
    <property name="sun.boot.library.path" value="C:\Program Files\Java\jdk-11.0.5\bin"/>
    <property name="sun.java.command" value="C:\Users\sivap\AppData\Local\Temp\surefire2979340710997537803\surefirebooter14890640486793751309.jar C:\Users\sivap\AppData\Local\Temp\surefire2979340710997537803 2019-11-25T12-36-51_673-jvmRun1 surefire7173406275499836587tmp surefire_08456968865518646948tmp"/>
    <property name="jdk.debug" value="release"/>
    <property name="surefire.test.class.path" value="C:\Users\sivap\Desktop\WorkingMouse\programming-challenge\target\test-classes;C:\Users\sivap\Desktop\WorkingMouse\programming-challenge\target\classes;C:\Users\sivap\.m2\repository\org\projectlombok\lombok\1.18.6\lombok-1.18.6.jar;C:\Users\sivap\.m2\repository\com\opencsv\opencsv\3.8\opencsv-3.8.jar;C:\Users\sivap\.m2\repository\org\apache\commons\commons-lang3\3.4\commons-lang3-3.4.jar;C:\Users\sivap\.m2\repository\commons-beanutils\commons-beanutils\1.9.2\commons-beanutils-1.9.2.jar;C:\Users\sivap\.m2\repository\commons-logging\commons-logging\1.1.1\commons-logging-1.1.1.jar;C:\Users\sivap\.m2\repository\commons-collections\commons-collections\3.2.1\commons-collections-3.2.1.jar;C:\Users\sivap\.m2\repository\eu\trentorise\opendata\jackan\0.4.2\jackan-0.4.2.jar;C:\Users\sivap\.m2\repository\eu\trentorise\opendata\traceprov\0.3.0\traceprov-0.3.0.jar;C:\Users\sivap\.m2\repository\eu\trentorise\opendata\tod-commons-jackson\1.1.0\tod-commons-jackson-1.1.0.jar;C:\Users\sivap\.m2\repository\eu\trentorise\opendata\tod-commons\1.1.0\tod-commons-1.1.0.jar;C:\Users\sivap\.m2\repository\com\google\code\findbugs\jsr305\3.0.0\jsr305-3.0.0.jar;C:\Users\sivap\.m2\repository\com\google\code\findbugs\annotations\3.0.0\annotations-3.0.0.jar;C:\Users\sivap\.m2\repository\com\fasterxml\jackson\core\jackson-core\2.6.0\jackson-core-2.6.0.jar;C:\Users\sivap\.m2\repository\com\fasterxml\jackson\core\jackson-annotations\2.6.0\jackson-annotations-2.6.0.jar;C:\Users\sivap\.m2\repository\com\fasterxml\jackson\core\jackson-databind\2.6.0\jackson-databind-2.6.0.jar;C:\Users\sivap\.m2\repository\com\fasterxml\jackson\datatype\jackson-datatype-guava\2.6.0\jackson-datatype-guava-2.6.0.jar;C:\Users\sivap\.m2\repository\com\google\guava\guava\15.0\guava-15.0.jar;C:\Users\sivap\.m2\repository\log4j\log4j\1.2.17\log4j-1.2.17.jar;C:\Users\sivap\.m2\repository\org\junit\jupiter\junit-jupiter-api\5.4.0\junit-jupiter-api-5.4.0.jar;C:\Users\sivap\.m2\repository\org\apiguardian\apiguardian-api\1.0.0\apiguardian-api-1.0.0.jar;C:\Users\sivap\.m2\repository\org\opentest4j\opentest4j\1.1.1\opentest4j-1.1.1.jar;C:\Users\sivap\.m2\repository\org\junit\platform\junit-platform-commons\1.4.0\junit-platform-commons-1.4.0.jar;C:\Users\sivap\.m2\repository\org\json\json\20180813\json-20180813.jar;C:\Users\sivap\.m2\repository\com\google\code\gson\gson\2.8.2\gson-2.8.2.jar;"/>
    <property name="sun.cpu.endian" value="little"/>
    <property name="user.home" value="C:\Users\sivap"/>
    <property name="user.language" value="en"/>
    <property name="java.specification.vendor" value="Oracle Corporation"/>
    <property name="java.version.date" value="2019-10-15"/>
    <property name="java.home" value="C:\Program Files\Java\jdk-11.0.5"/>
    <property name="file.separator" value="\"/>
    <property name="basedir" value="C:\Users\sivap\Desktop\WorkingMouse\programming-challenge"/>
    <property name="java.vm.compressedOopsMode" value="32-bit"/>
    <property name="line.separator" value="&#10;"/>
    <property name="java.specification.name" value="Java Platform API Specification"/>
    <property name="java.vm.specification.vendor" value="Oracle Corporation"/>
    <property name="java.awt.graphicsenv" value="sun.awt.Win32GraphicsEnvironment"/>
    <property name="surefire.real.class.path" value="C:\Users\sivap\AppData\Local\Temp\surefire2979340710997537803\surefirebooter14890640486793751309.jar"/>
    <property name="user.script" value=""/>
    <property name="sun.management.compiler" value="HotSpot 64-Bit Tiered Compilers"/>
    <property name="java.runtime.version" value="11.0.5+10-LTS"/>
    <property name="user.name" value="sivap"/>
    <property name="path.separator" value=";"/>
    <property name="os.version" value="10.0"/>
    <property name="java.runtime.name" value="Java(TM) SE Runtime Environment"/>
    <property name="file.encoding" value="Cp1252"/>
    <property name="java.vm.name" value="Java HotSpot(TM) 64-Bit Server VM"/>
    <property name="java.vendor.version" value="18.9"/>
    <property name="localRepository" value="C:\Users\sivap\.m2\repository"/>
    <property name="java.vendor.url.bug" value="http://bugreport.java.com/bugreport/"/>
    <property name="java.io.tmpdir" value="C:\Users\sivap\AppData\Local\Temp\"/>
    <property name="java.version" value="11.0.5"/>
    <property name="user.dir" value="C:\Users\sivap\Desktop\WorkingMouse\programming-challenge"/>
    <property name="os.arch" value="amd64"/>
    <property name="java.vm.specification.name" value="Java Virtual Machine Specification"/>
    <property name="java.awt.printerjob" value="sun.awt.windows.WPrinterJob"/>
    <property name="sun.os.patch.level" value=""/>
    <property name="java.library.path" value="C:\Program Files\Java\jdk-11.0.5\bin;C:\WINDOWS\Sun\Java\bin;C:\WINDOWS\system32;C:\WINDOWS;C:/Program Files/Java/jdk-11.0.5/bin/server;C:/Program Files/Java/jdk-11.0.5/bin;C:\WINDOWS\system32;C:\WINDOWS;C:\WINDOWS\System32\Wbem;C:\WINDOWS\System32\WindowsPowerShell\v1.0\;C:\Program Files\Intel\WiFi\bin\;C:\Program Files\Common Files\Intel\WirelessCommon\;C:\WINDOWS\System32\OpenSSH\;C:\Program Files\nodejs\;C:\Program Files\Git\cmd;C:\Program Files\Java\jdk-11.0.5\bin;C:\Users\sivap\Documents\apache-maven-3.6.2\bin;C:\Users\sivap\AppData\Local\Microsoft\WindowsApps;C:\Users\sivap\AppData\Roaming\npm;;C:\Users\sivap\AppData\Local\Programs\Microsoft VS Code\bin;C:\WINDOWS\system32;;."/>
    <property name="java.vendor" value="Oracle Corporation"/>
    <property name="java.vm.info" value="mixed mode"/>
    <property name="java.vm.version" value="11.0.5+10-LTS"/>
    <property name="sun.io.unicode.encoding" value="UnicodeLittle"/>
    <property name="java.class.version" value="55.0"/>
  </properties>
  <testcase name="loadAndParseFileTest" classname="au.com.workingmouse.challenge.MainTest" time="0.443"/>
  <testcase name="main" classname="au.com.workingmouse.challenge.MainTest" time="0.031"/>
  <testcase name="writeFileSingleLine" classname="au.com.workingmouse.challenge.MainTest" time="3.046"/>
  <testcase name="writeFileMultilineLine" classname="au.com.workingmouse.challenge.MainTest" time="0.827"/>
</testsuite>